<?xml version="1.0" encoding="UTF-8"?>
<testsuite xmlns:xsi="http://www.w3.org/2001/XMLSchema-instance" xsi:noNamespaceSchemaLocation="https://maven.apache.org/surefire/maven-surefire-plugin/xsd/surefire-test-report-3.0.xsd" version="3.0" name="TestSuite" time="10.229" tests="4" errors="0" skipped="0" failures="0">
  <properties>
    <property name="sun.desktop" value="windows"/>
    <property name="awt.toolkit" value="sun.awt.windows.WToolkit"/>
    <property name="java.specification.version" value="11"/>
    <property name="sun.cpu.isalist" value="amd64"/>
    <property name="sun.jnu.encoding" value="Cp1252"/>
    <property name="java.class.path" value="C:\Users\julim\.m2\repository\org\apache\maven\surefire\surefire-booter\3.0.0-M4\surefire-booter-3.0.0-M4.jar;C:\Users\julim\.m2\repository\org\apache\maven\surefire\surefire-api\3.0.0-M4\surefire-api-3.0.0-M4.jar;C:\Users\julim\.m2\repository\org\apache\maven\surefire\surefire-logger-api\3.0.0-M4\surefire-logger-api-3.0.0-M4.jar;C:\Users\julim\Documents\carina-demo\target\test-classes;C:\Users\julim\Documents\carina-demo\target\classes;C:\Users\julim\.m2\repository\com\qaprosoft\carina-core\6.5.46\carina-core-6.5.46.jar;C:\Users\julim\.m2\repository\com\qaprosoft\carina-dataprovider\6.5.46\carina-dataprovider-6.5.46.jar;C:\Users\julim\.m2\repository\com\qaprosoft\carina-commons\6.5.46\carina-commons-6.5.46.jar;C:\Users\julim\.m2\repository\net\sf\opencsv\opencsv\1.7\opencsv-1.7.jar;C:\Users\julim\.m2\repository\org\apache\poi\poi-ooxml\4.1.2\poi-ooxml-4.1.2.jar;C:\Users\julim\.m2\repository\org\apache\poi\poi\4.1.2\poi-4.1.2.jar;C:\Users\julim\.m2\repository\org\apache\commons\commons-collections4\4.4\commons-collections4-4.4.jar;C:\Users\julim\.m2\repository\org\apache\commons\commons-math3\3.6.1\commons-math3-3.6.1.jar;C:\Users\julim\.m2\repository\com\zaxxer\SparseBitSet\1.2\SparseBitSet-1.2.jar;C:\Users\julim\.m2\repository\org\apache\poi\poi-ooxml-schemas\4.1.2\poi-ooxml-schemas-4.1.2.jar;C:\Users\julim\.m2\repository\org\apache\xmlbeans\xmlbeans\3.1.0\xmlbeans-3.1.0.jar;C:\Users\julim\.m2\repository\org\apache\commons\commons-compress\1.19\commons-compress-1.19.jar;C:\Users\julim\.m2\repository\com\github\virtuald\curvesapi\1.06\curvesapi-1.06.jar;C:\Users\julim\.m2\repository\com\google\apis\google-api-services-sheets\v4-rev581-1.25.0\google-api-services-sheets-v4-rev581-1.25.0.jar;C:\Users\julim\.m2\repository\com\google\api-client\google-api-client\1.25.0\google-api-client-1.25.0.jar;C:\Users\julim\.m2\repository\com\google\oauth-client\google-oauth-client\1.25.0\google-oauth-client-1.25.0.jar;C:\Users\julim\.m2\repository\com\qaprosoft\carina-utils\6.5.46\carina-utils-6.5.46.jar;C:\Users\julim\.m2\repository\com\qaprosoft\carina-crypto\6.5.46\carina-crypto-6.5.46.jar;C:\Users\julim\.m2\repository\commons-cli\commons-cli\1.2\commons-cli-1.2.jar;C:\Users\julim\.m2\repository\commons-codec\commons-codec\1.9\commons-codec-1.9.jar;C:\Users\julim\.m2\repository\org\seleniumhq\selenium\selenium-remote-driver\3.141.59\selenium-remote-driver-3.141.59.jar;C:\Users\julim\.m2\repository\com\sun\jna\jna\3.0.9\jna-3.0.9.jar;C:\Users\julim\.m2\repository\io\rest-assured\rest-assured\4.3.0\rest-assured-4.3.0.jar;C:\Users\julim\.m2\repository\org\codehaus\groovy\groovy\3.0.2\groovy-3.0.2.jar;C:\Users\julim\.m2\repository\org\codehaus\groovy\groovy-xml\3.0.2\groovy-xml-3.0.2.jar;C:\Users\julim\.m2\repository\org\apache\httpcomponents\httpmime\4.5.3\httpmime-4.5.3.jar;C:\Users\julim\.m2\repository\org\ccil\cowan\tagsoup\tagsoup\1.2.1\tagsoup-1.2.1.jar;C:\Users\julim\.m2\repository\io\rest-assured\xml-path\4.3.0\xml-path-4.3.0.jar;C:\Users\julim\.m2\repository\com\sun\xml\bind\jaxb-osgi\2.3.0.1\jaxb-osgi-2.3.0.1.jar;C:\Users\julim\.m2\repository\org\apache\sling\org.apache.sling.javax.activation\0.1.0\org.apache.sling.javax.activation-0.1.0.jar;C:\Users\julim\.m2\repository\io\rest-assured\json-path\4.3.0\json-path-4.3.0.jar;C:\Users\julim\.m2\repository\org\codehaus\groovy\groovy-json\3.0.2\groovy-json-3.0.2.jar;C:\Users\julim\.m2\repository\io\rest-assured\rest-assured-common\4.3.0\rest-assured-common-4.3.0.jar;C:\Users\julim\.m2\repository\org\apache\pdfbox\pdfbox\2.0.15\pdfbox-2.0.15.jar;C:\Users\julim\.m2\repository\org\apache\pdfbox\fontbox\2.0.15\fontbox-2.0.15.jar;C:\Users\julim\.m2\repository\com\fasterxml\jackson\core\jackson-databind\2.9.10.4\jackson-databind-2.9.10.4.jar;C:\Users\julim\.m2\repository\com\fasterxml\jackson\core\jackson-core\2.9.10\jackson-core-2.9.10.jar;C:\Users\julim\.m2\repository\com\fasterxml\jackson\core\jackson-annotations\2.9.9\jackson-annotations-2.9.9.jar;C:\Users\julim\.m2\repository\org\mongodb\mongo-java-driver\2.11.3\mongo-java-driver-2.11.3.jar;C:\Users\julim\.m2\repository\joda-time\joda-time\2.9.9\joda-time-2.9.9.jar;C:\Users\julim\.m2\repository\commons-net\commons-net\3.3\commons-net-3.3.jar;C:\Users\julim\.m2\repository\org\imgscalr\imgscalr-lib\4.2\imgscalr-lib-4.2.jar;C:\Users\julim\.m2\repository\com\google\code\gson\gson\2.8.5\gson-2.8.5.jar;C:\Users\julim\.m2\repository\com\google\guava\guava\25.0-jre\guava-25.0-jre.jar;C:\Users\julim\.m2\repository\com\google\code\findbugs\jsr305\1.3.9\jsr305-1.3.9.jar;C:\Users\julim\.m2\repository\org\checkerframework\checker-compat-qual\2.0.0\checker-compat-qual-2.0.0.jar;C:\Users\julim\.m2\repository\com\google\errorprone\error_prone_annotations\2.1.3\error_prone_annotations-2.1.3.jar;C:\Users\julim\.m2\repository\com\google\j2objc\j2objc-annotations\1.1\j2objc-annotations-1.1.jar;C:\Users\julim\.m2\repository\org\codehaus\mojo\animal-sniffer-annotations\1.14\animal-sniffer-annotations-1.14.jar;C:\Users\julim\.m2\repository\javax\xml\bind\jaxb-api\2.2.2\jaxb-api-2.2.2.jar;C:\Users\julim\.m2\repository\javax\xml\stream\stax-api\1.0-2\stax-api-1.0-2.jar;C:\Users\julim\.m2\repository\javax\activation\activation\1.1\activation-1.1.jar;C:\Users\julim\.m2\repository\com\qaprosoft\carina-api\6.5.46\carina-api-6.5.46.jar;C:\Users\julim\.m2\repository\org\apache\httpcomponents\httpclient\4.5.9\httpclient-4.5.9.jar;C:\Users\julim\.m2\repository\org\apache\httpcomponents\httpcore\4.4.11\httpcore-4.4.11.jar;C:\Users\julim\.m2\repository\commons-logging\commons-logging\1.2\commons-logging-1.2.jar;C:\Users\julim\.m2\repository\org\apache\commons\commons-configuration2\2.7\commons-configuration2-2.7.jar;C:\Users\julim\.m2\repository\org\freemarker\freemarker\2.3.14\freemarker-2.3.14.jar;C:\Users\julim\.m2\repository\io\rest-assured\json-schema-validator\4.3.0\json-schema-validator-4.3.0.jar;C:\Users\julim\.m2\repository\com\github\java-json-tools\json-schema-validator\2.2.10\json-schema-validator-2.2.10.jar;C:\Users\julim\.m2\repository\com\github\java-json-tools\json-schema-core\1.2.10\json-schema-core-1.2.10.jar;C:\Users\julim\.m2\repository\com\github\java-json-tools\jackson-coreutils\1.9\jackson-coreutils-1.9.jar;C:\Users\julim\.m2\repository\com\github\fge\msg-simple\1.1\msg-simple-1.1.jar;C:\Users\julim\.m2\repository\com\github\fge\btf\1.2\btf-1.2.jar;C:\Users\julim\.m2\repository\com\github\fge\uri-template\0.9\uri-template-0.9.jar;C:\Users\julim\.m2\repository\org\mozilla\rhino\1.7.7.1\rhino-1.7.7.1.jar;C:\Users\julim\.m2\repository\javax\mail\mailapi\1.4.3\mailapi-1.4.3.jar;C:\Users\julim\.m2\repository\com\googlecode\libphonenumber\libphonenumber\8.0.0\libphonenumber-8.0.0.jar;C:\Users\julim\.m2\repository\net\sf\jopt-simple\jopt-simple\5.0.3\jopt-simple-5.0.3.jar;C:\Users\julim\.m2\repository\org\everit\json\org.everit.json.schema\1.5.1\org.everit.json.schema-1.5.1.jar;C:\Users\julim\.m2\repository\org\json\json\20160810\json-20160810.jar;C:\Users\julim\.m2\repository\com\qaprosoft\carina-reporting\6.5.46\carina-reporting-6.5.46.jar;C:\Users\julim\.m2\repository\com\pojosontheweb\monte-repack\1.0\monte-repack-1.0.jar;C:\Users\julim\.m2\repository\javax\media\jai\com.springsource.javax.media.jai.core\1.1.3\com.springsource.javax.media.jai.core-1.1.3.jar;C:\Users\julim\.m2\repository\javax\media\jai\com.springsource.javax.media.jai.codec\1.1.3\com.springsource.javax.media.jai.codec-1.1.3.jar;C:\Users\julim\.m2\repository\javax\media\jmf\2.1.1e\jmf-2.1.1e.jar;C:\Users\julim\.m2\repository\com\qaprosoft\carina-webdriver\6.5.46\carina-webdriver-6.5.46.jar;C:\Users\julim\.m2\repository\org\seleniumhq\selenium\selenium-firefox-driver\3.141.59\selenium-firefox-driver-3.141.59.jar;C:\Users\julim\.m2\repository\org\seleniumhq\selenium\selenium-chrome-driver\3.141.59\selenium-chrome-driver-3.141.59.jar;C:\Users\julim\.m2\repository\ru\yandex\qatools\ashot\ashot\1.5.3\ashot-1.5.3.jar;C:\Users\julim\.m2\repository\com\googlecode\lambdaj\lambdaj\2.3.3\lambdaj-2.3.3.jar;C:\Users\julim\.m2\repository\cglib\cglib-nodep\2.2\cglib-nodep-2.2.jar;C:\Users\julim\.m2\repository\com\itextpdf\itextpdf\5.5.13.2\itextpdf-5.5.13.2.jar;C:\Users\julim\.m2\repository\com\qaprosoft\alice-client\1.1.0\alice-client-1.1.0.jar;C:\Users\julim\.m2\repository\com\qaprosoft\alice-models\1.1.0\alice-models-1.1.0.jar;C:\Users\julim\.m2\repository\org\springframework\spring-tx\4.3.2.RELEASE\spring-tx-4.3.2.RELEASE.jar;C:\Users\julim\.m2\repository\org\springframework\spring-jdbc\4.3.2.RELEASE\spring-jdbc-4.3.2.RELEASE.jar;C:\Users\julim\.m2\repository\org\springframework\data\spring-data-mongodb\1.9.2.RELEASE\spring-data-mongodb-1.9.2.RELEASE.jar;C:\Users\julim\.m2\repository\org\springframework\data\spring-data-commons\1.12.2.RELEASE\spring-data-commons-1.12.2.RELEASE.jar;C:\Users\julim\.m2\repository\org\springframework\data\spring-data-redis\1.7.2.RELEASE\spring-data-redis-1.7.2.RELEASE.jar;C:\Users\julim\.m2\repository\org\springframework\data\spring-data-keyvalue\1.1.2.RELEASE\spring-data-keyvalue-1.1.2.RELEASE.jar;C:\Users\julim\.m2\repository\org\springframework\spring-context-support\4.2.6.RELEASE\spring-context-support-4.2.6.RELEASE.jar;C:\Users\julim\.m2\repository\org\springframework\security\spring-security-core\4.2.3.RELEASE\spring-security-core-4.2.3.RELEASE.jar;C:\Users\julim\.m2\repository\net\sourceforge\jtds\jtds\1.3.1\jtds-1.3.1.jar;C:\Users\julim\.m2\repository\javax\servlet\jstl\1.2\jstl-1.2.jar;C:\Users\julim\.m2\repository\org\reflections\reflections\0.9.10\reflections-0.9.10.jar;C:\Users\julim\.m2\repository\org\javassist\javassist\3.19.0-GA\javassist-3.19.0-GA.jar;C:\Users\julim\.m2\repository\com\google\code\findbugs\annotations\2.0.1\annotations-2.0.1.jar;C:\Users\julim\.m2\repository\com\sun\jersey\jersey-core\1.19.4\jersey-core-1.19.4.jar;C:\Users\julim\.m2\repository\javax\ws\rs\jsr311-api\1.1.1\jsr311-api-1.1.1.jar;C:\Users\julim\.m2\repository\org\hamcrest\hamcrest-core\1.3\hamcrest-core-1.3.jar;C:\Users\julim\.m2\repository\org\hamcrest\hamcrest-all\1.3\hamcrest-all-1.3.jar;C:\Users\julim\.m2\repository\com\qaprosoft\carina-appcenter\6.5.46\carina-appcenter-6.5.46.jar;C:\Users\julim\.m2\repository\com\qaprosoft\carina-aws-s3\6.5.46\carina-aws-s3-6.5.46.jar;C:\Users\julim\.m2\repository\com\amazonaws\aws-java-sdk-core\1.11.386\aws-java-sdk-core-1.11.386.jar;C:\Users\julim\.m2\repository\software\amazon\ion\ion-java\1.0.2\ion-java-1.0.2.jar;C:\Users\julim\.m2\repository\com\fasterxml\jackson\dataformat\jackson-dataformat-cbor\2.6.7\jackson-dataformat-cbor-2.6.7.jar;C:\Users\julim\.m2\repository\com\qaprosoft\carina-proxy\6.5.46\carina-proxy-6.5.46.jar;C:\Users\julim\.m2\repository\net\lightbody\bmp\browsermob-core\2.1.5\browsermob-core-2.1.5.jar;C:\Users\julim\.m2\repository\net\lightbody\bmp\littleproxy\1.1.0-beta-bmp-17\littleproxy-1.1.0-beta-bmp-17.jar;C:\Users\julim\.m2\repository\dnsjava\dnsjava\2.1.8\dnsjava-2.1.8.jar;C:\Users\julim\.m2\repository\org\slf4j\jcl-over-slf4j\1.7.25\jcl-over-slf4j-1.7.25.jar;C:\Users\julim\.m2\repository\com\jcraft\jzlib\1.1.3\jzlib-1.1.3.jar;C:\Users\julim\.m2\repository\org\bouncycastle\bcprov-jdk15on\1.58\bcprov-jdk15on-1.58.jar;C:\Users\julim\.m2\repository\org\bouncycastle\bcpkix-jdk15on\1.58\bcpkix-jdk15on-1.58.jar;C:\Users\julim\.m2\repository\net\lightbody\bmp\mitm\2.1.5\mitm-2.1.5.jar;C:\Users\julim\.m2\repository\io\netty\netty-all\4.1.42.Final\netty-all-4.1.42.Final.jar;C:\Users\julim\.m2\repository\log4j\log4j\1.2.17\log4j-1.2.17.jar;C:\Users\julim\.m2\repository\org\apache\commons\commons-lang3\3.5\commons-lang3-3.5.jar;C:\Users\julim\.m2\repository\commons-io\commons-io\2.5\commons-io-2.5.jar;C:\Users\julim\.m2\repository\commons-collections\commons-collections\3.2.2\commons-collections-3.2.2.jar;C:\Users\julim\.m2\repository\com\qaprosoft\zafira-client\4.2.74\zafira-client-4.2.74.jar;C:\Users\julim\.m2\repository\org\apache\commons\commons-text\1.8\commons-text-1.8.jar;C:\Users\julim\.m2\repository\com\google\http-client\google-http-client-jackson2\1.31.0\google-http-client-jackson2-1.31.0.jar;C:\Users\julim\.m2\repository\com\google\http-client\google-http-client\1.31.0\google-http-client-1.31.0.jar;C:\Users\julim\.m2\repository\io\opencensus\opencensus-api\0.21.0\opencensus-api-0.21.0.jar;C:\Users\julim\.m2\repository\io\grpc\grpc-context\1.19.0\grpc-context-1.19.0.jar;C:\Users\julim\.m2\repository\io\opencensus\opencensus-contrib-http-util\0.21.0\opencensus-contrib-http-util-0.21.0.jar;C:\Users\julim\.m2\repository\com\sun\jersey\jersey-client\1.19.4\jersey-client-1.19.4.jar;C:\Users\julim\.m2\repository\com\sun\jersey\jersey-json\1.19.4\jersey-json-1.19.4.jar;C:\Users\julim\.m2\repository\org\codehaus\jettison\jettison\1.1\jettison-1.1.jar;C:\Users\julim\.m2\repository\com\sun\xml\bind\jaxb-impl\2.2.3-1\jaxb-impl-2.2.3-1.jar;C:\Users\julim\.m2\repository\org\codehaus\jackson\jackson-core-asl\1.9.2\jackson-core-asl-1.9.2.jar;C:\Users\julim\.m2\repository\org\codehaus\jackson\jackson-mapper-asl\1.9.2\jackson-mapper-asl-1.9.2.jar;C:\Users\julim\.m2\repository\org\codehaus\jackson\jackson-jaxrs\1.9.2\jackson-jaxrs-1.9.2.jar;C:\Users\julim\.m2\repository\org\codehaus\jackson\jackson-xc\1.9.2\jackson-xc-1.9.2.jar;C:\Users\julim\.m2\repository\com\sun\jersey\contribs\jersey-multipart\1.19.4\jersey-multipart-1.19.4.jar;C:\Users\julim\.m2\repository\org\jvnet\mimepull\mimepull\1.9.3\mimepull-1.9.3.jar;C:\Users\julim\.m2\repository\com\owlike\genson\0.99\genson-0.99.jar;C:\Users\julim\.m2\repository\org\slf4j\slf4j-api\1.7.26\slf4j-api-1.7.26.jar;C:\Users\julim\.m2\repository\javax\validation\validation-api\2.0.1.Final\validation-api-2.0.1.Final.jar;C:\Users\julim\.m2\repository\org\hibernate\validator\hibernate-validator\6.0.17.Final\hibernate-validator-6.0.17.Final.jar;C:\Users\julim\.m2\repository\org\jboss\logging\jboss-logging\3.3.2.Final\jboss-logging-3.3.2.Final.jar;C:\Users\julim\.m2\repository\com\fasterxml\classmate\1.3.4\classmate-1.3.4.jar;C:\Users\julim\.m2\repository\commons-beanutils\commons-beanutils\1.9.3\commons-beanutils-1.9.3.jar;C:\Users\julim\.m2\repository\org\seleniumhq\selenium\selenium-support\3.141.59\selenium-support-3.141.59.jar;C:\Users\julim\.m2\repository\net\bytebuddy\byte-buddy\1.8.15\byte-buddy-1.8.15.jar;C:\Users\julim\.m2\repository\org\apache\commons\commons-exec\1.3\commons-exec-1.3.jar;C:\Users\julim\.m2\repository\com\squareup\okhttp3\okhttp\3.11.0\okhttp-3.11.0.jar;C:\Users\julim\.m2\repository\com\squareup\okio\okio\1.14.0\okio-1.14.0.jar;C:\Users\julim\.m2\repository\org\seleniumhq\selenium\selenium-api\3.141.59\selenium-api-3.141.59.jar;C:\Users\julim\.m2\repository\com\amazonaws\aws-java-sdk-s3\1.11.386\aws-java-sdk-s3-1.11.386.jar;C:\Users\julim\.m2\repository\org\testng\testng\7.1.0\testng-7.1.0.jar;C:\Users\julim\.m2\repository\com\beust\jcommander\1.72\jcommander-1.72.jar;C:\Users\julim\.m2\repository\com\google\inject\guice\4.1.0\guice-4.1.0-no_aop.jar;C:\Users\julim\.m2\repository\javax\inject\javax.inject\1\javax.inject-1.jar;C:\Users\julim\.m2\repository\aopalliance\aopalliance\1.0\aopalliance-1.0.jar;C:\Users\julim\.m2\repository\com\nordstrom\tools\testng-foundation\2.0.1\testng-foundation-2.0.1.jar;C:\Users\julim\.m2\repository\com\nordstrom\tools\java-utils\1.9.3\java-utils-1.9.3.jar;C:\Users\julim\.m2\repository\com\nordstrom\tools\settings\2.3.3\settings-2.3.3.jar;C:\Users\julim\.m2\repository\ch\qos\logback\logback-classic\1.2.3\logback-classic-1.2.3.jar;C:\Users\julim\.m2\repository\ch\qos\logback\logback-core\1.2.3\logback-core-1.2.3.jar;C:\Users\julim\.m2\repository\io\appium\java-client\7.3.0\java-client-7.3.0.jar;C:\Users\julim\.m2\repository\org\seleniumhq\selenium\selenium-java\3.141.59\selenium-java-3.141.59.jar;C:\Users\julim\.m2\repository\org\seleniumhq\selenium\selenium-edge-driver\3.141.59\selenium-edge-driver-3.141.59.jar;C:\Users\julim\.m2\repository\org\seleniumhq\selenium\selenium-ie-driver\3.141.59\selenium-ie-driver-3.141.59.jar;C:\Users\julim\.m2\repository\org\seleniumhq\selenium\selenium-opera-driver\3.141.59\selenium-opera-driver-3.141.59.jar;C:\Users\julim\.m2\repository\org\seleniumhq\selenium\selenium-safari-driver\3.141.59\selenium-safari-driver-3.141.59.jar;C:\Users\julim\.m2\repository\cglib\cglib\3.2.12\cglib-3.2.12.jar;C:\Users\julim\.m2\repository\org\ow2\asm\asm\7.1\asm-7.1.jar;C:\Users\julim\.m2\repository\commons-validator\commons-validator\1.6\commons-validator-1.6.jar;C:\Users\julim\.m2\repository\commons-digester\commons-digester\1.8.1\commons-digester-1.8.1.jar;C:\Users\julim\.m2\repository\org\springframework\spring-context\5.1.8.RELEASE\spring-context-5.1.8.RELEASE.jar;C:\Users\julim\.m2\repository\org\aspectj\aspectjweaver\1.9.4\aspectjweaver-1.9.4.jar;C:\Users\julim\.m2\repository\com\qaprosoft\carina-cucumber\1.0.3\carina-cucumber-1.0.3.jar;C:\Users\julim\.m2\repository\io\cucumber\cucumber-testng\1.2.6\cucumber-testng-1.2.6.jar;C:\Users\julim\.m2\repository\io\cucumber\cucumber-core\1.2.6\cucumber-core-1.2.6.jar;C:\Users\julim\.m2\repository\info\cukes\cucumber-html\0.2.3\cucumber-html-0.2.3.jar;C:\Users\julim\.m2\repository\info\cukes\cucumber-jvm-deps\1.0.5\cucumber-jvm-deps-1.0.5.jar;C:\Users\julim\.m2\repository\info\cukes\gherkin\2.12.2\gherkin-2.12.2.jar;C:\Users\julim\.m2\repository\io\cucumber\cucumber-java\1.2.6\cucumber-java-1.2.6.jar;C:\Users\julim\.m2\repository\net\masterthought\cucumber-reporting\2.6.3\cucumber-reporting-2.6.3.jar;C:\Users\julim\.m2\repository\org\apache\velocity\velocity\1.7\velocity-1.7.jar;C:\Users\julim\.m2\repository\commons-lang\commons-lang\2.4\commons-lang-2.4.jar;C:\Users\julim\.m2\repository\velocity-tools\velocity-tools\1.4\velocity-tools-1.4.jar;C:\Users\julim\.m2\repository\net\lingala\zip4j\zip4j\1.3.2\zip4j-1.3.2.jar;C:\Users\julim\.m2\repository\org\codehaus\plexus\plexus-utils\3.0.24\plexus-utils-3.0.24.jar;C:\Users\julim\.m2\repository\org\jsoup\jsoup\1.9.2\jsoup-1.9.2.jar;C:\Users\julim\.m2\repository\org\apache\logging\log4j\log4j-core\2.13.3\log4j-core-2.13.3.jar;C:\Users\julim\.m2\repository\org\apache\logging\log4j\log4j-api\2.13.3\log4j-api-2.13.3.jar;C:\Users\julim\.m2\repository\org\mybatis\mybatis\3.5.2\mybatis-3.5.2.jar;C:\Users\julim\.m2\repository\org\postgresql\postgresql\42.2.6\postgresql-42.2.6.jar;C:\Users\julim\.m2\repository\org\springframework\boot\spring-boot-starter\2.2.2.RELEASE\spring-boot-starter-2.2.2.RELEASE.jar;C:\Users\julim\.m2\repository\org\springframework\boot\spring-boot\2.2.2.RELEASE\spring-boot-2.2.2.RELEASE.jar;C:\Users\julim\.m2\repository\org\springframework\boot\spring-boot-autoconfigure\2.2.2.RELEASE\spring-boot-autoconfigure-2.2.2.RELEASE.jar;C:\Users\julim\.m2\repository\jakarta\annotation\jakarta.annotation-api\1.3.5\jakarta.annotation-api-1.3.5.jar;C:\Users\julim\.m2\repository\org\springframework\spring-core\5.2.2.RELEASE\spring-core-5.2.2.RELEASE.jar;C:\Users\julim\.m2\repository\org\springframework\spring-jcl\5.2.2.RELEASE\spring-jcl-5.2.2.RELEASE.jar;C:\Users\julim\.m2\repository\org\yaml\snakeyaml\1.25\snakeyaml-1.25.jar;C:\Users\julim\.m2\repository\org\springframework\ws\spring-ws-core\3.0.8.RELEASE\spring-ws-core-3.0.8.RELEASE.jar;C:\Users\julim\.m2\repository\org\springframework\ws\spring-xml\3.0.8.RELEASE\spring-xml-3.0.8.RELEASE.jar;C:\Users\julim\.m2\repository\org\springframework\spring-aop\5.0.10.RELEASE\spring-aop-5.0.10.RELEASE.jar;C:\Users\julim\.m2\repository\org\springframework\spring-beans\5.0.10.RELEASE\spring-beans-5.0.10.RELEASE.jar;C:\Users\julim\.m2\repository\org\springframework\spring-oxm\5.0.10.RELEASE\spring-oxm-5.0.10.RELEASE.jar;C:\Users\julim\.m2\repository\org\springframework\spring-web\5.0.10.RELEASE\spring-web-5.0.10.RELEASE.jar;C:\Users\julim\.m2\repository\org\springframework\spring-webmvc\5.0.10.RELEASE\spring-webmvc-5.0.10.RELEASE.jar;C:\Users\julim\.m2\repository\org\springframework\spring-expression\5.0.10.RELEASE\spring-expression-5.0.10.RELEASE.jar;C:\Users\julim\.m2\repository\org\springframework\boot\spring-boot-starter-test\2.2.2.RELEASE\spring-boot-starter-test-2.2.2.RELEASE.jar;C:\Users\julim\.m2\repository\org\springframework\boot\spring-boot-test\2.2.2.RELEASE\spring-boot-test-2.2.2.RELEASE.jar;C:\Users\julim\.m2\repository\org\springframework\boot\spring-boot-test-autoconfigure\2.2.2.RELEASE\spring-boot-test-autoconfigure-2.2.2.RELEASE.jar;C:\Users\julim\.m2\repository\com\jayway\jsonpath\json-path\2.4.0\json-path-2.4.0.jar;C:\Users\julim\.m2\repository\net\minidev\json-smart\2.3\json-smart-2.3.jar;C:\Users\julim\.m2\repository\net\minidev\accessors-smart\1.2\accessors-smart-1.2.jar;C:\Users\julim\.m2\repository\jakarta\xml\bind\jakarta.xml.bind-api\2.3.2\jakarta.xml.bind-api-2.3.2.jar;C:\Users\julim\.m2\repository\jakarta\activation\jakarta.activation-api\1.2.1\jakarta.activation-api-1.2.1.jar;C:\Users\julim\.m2\repository\org\junit\jupiter\junit-jupiter\5.5.2\junit-jupiter-5.5.2.jar;C:\Users\julim\.m2\repository\org\junit\jupiter\junit-jupiter-api\5.5.2\junit-jupiter-api-5.5.2.jar;C:\Users\julim\.m2\repository\org\opentest4j\opentest4j\1.2.0\opentest4j-1.2.0.jar;C:\Users\julim\.m2\repository\org\junit\platform\junit-platform-commons\1.5.2\junit-platform-commons-1.5.2.jar;C:\Users\julim\.m2\repository\org\junit\jupiter\junit-jupiter-params\5.5.2\junit-jupiter-params-5.5.2.jar;C:\Users\julim\.m2\repository\org\junit\jupiter\junit-jupiter-engine\5.5.2\junit-jupiter-engine-5.5.2.jar;C:\Users\julim\.m2\repository\org\junit\vintage\junit-vintage-engine\5.5.2\junit-vintage-engine-5.5.2.jar;C:\Users\julim\.m2\repository\org\apiguardian\apiguardian-api\1.1.0\apiguardian-api-1.1.0.jar;C:\Users\julim\.m2\repository\org\junit\platform\junit-platform-engine\1.5.2\junit-platform-engine-1.5.2.jar;C:\Users\julim\.m2\repository\junit\junit\4.12\junit-4.12.jar;C:\Users\julim\.m2\repository\org\mockito\mockito-junit-jupiter\3.1.0\mockito-junit-jupiter-3.1.0.jar;C:\Users\julim\.m2\repository\org\assertj\assertj-core\3.13.2\assertj-core-3.13.2.jar;C:\Users\julim\.m2\repository\org\hamcrest\hamcrest\2.1\hamcrest-2.1.jar;C:\Users\julim\.m2\repository\org\mockito\mockito-core\3.1.0\mockito-core-3.1.0.jar;C:\Users\julim\.m2\repository\net\bytebuddy\byte-buddy-agent\1.9.10\byte-buddy-agent-1.9.10.jar;C:\Users\julim\.m2\repository\org\objenesis\objenesis\2.6\objenesis-2.6.jar;C:\Users\julim\.m2\repository\org\skyscreamer\jsonassert\1.5.0\jsonassert-1.5.0.jar;C:\Users\julim\.m2\repository\org\springframework\spring-test\5.2.2.RELEASE\spring-test-5.2.2.RELEASE.jar;C:\Users\julim\.m2\repository\org\xmlunit\xmlunit-core\2.6.3\xmlunit-core-2.6.3.jar;C:\Users\julim\.m2\repository\org\apache\maven\surefire\surefire-testng\3.0.0-M4\surefire-testng-3.0.0-M4.jar;C:\Users\julim\.m2\repository\org\apache\maven\surefire\common-java5\3.0.0-M4\common-java5-3.0.0-M4.jar;C:\Users\julim\.m2\repository\org\apache\maven\surefire\surefire-testng-utils\3.0.0-M4\surefire-testng-utils-3.0.0-M4.jar;C:\Users\julim\.m2\repository\org\apache\maven\surefire\surefire-grouper\3.0.0-M4\surefire-grouper-3.0.0-M4.jar"/>
    <property name="java.vm.vendor" value="AdoptOpenJDK"/>
    <property name="sun.arch.data.model" value="64"/>
    <property name="user.variant" value=""/>
    <property name="java.vendor.url" value="https://adoptopenjdk.net/"/>
    <property name="user.timezone" value="America/Buenos_Aires"/>
    <property name="java.vm.specification.version" value="11"/>
    <property name="os.name" value="Windows 10"/>
    <property name="sun.java.launcher" value="SUN_STANDARD"/>
    <property name="user.country" value="US"/>
    <property name="sun.boot.library.path" value="C:\Program Files\AdoptOpenJDK\jdk-11.0.8.10-hotspot\bin"/>
    <property name="sun.java.command" value="org.apache.maven.surefire.booter.ForkedBooter C:\Users\julim\AppData\Local\Temp\surefire17183478946794334096 2020-12-13T16-51-25_757-jvmRun1 surefire6445866597728484583tmp surefire_013788797805218058891tmp"/>
    <property name="jdk.debug" value="release"/>
    <property name="surefire.test.class.path" value="C:\Users\julim\Documents\carina-demo\target\test-classes;C:\Users\julim\Documents\carina-demo\target\classes;C:\Users\julim\.m2\repository\com\qaprosoft\carina-core\6.5.46\carina-core-6.5.46.jar;C:\Users\julim\.m2\repository\com\qaprosoft\carina-dataprovider\6.5.46\carina-dataprovider-6.5.46.jar;C:\Users\julim\.m2\repository\com\qaprosoft\carina-commons\6.5.46\carina-commons-6.5.46.jar;C:\Users\julim\.m2\repository\net\sf\opencsv\opencsv\1.7\opencsv-1.7.jar;C:\Users\julim\.m2\repository\org\apache\poi\poi-ooxml\4.1.2\poi-ooxml-4.1.2.jar;C:\Users\julim\.m2\repository\org\apache\poi\poi\4.1.2\poi-4.1.2.jar;C:\Users\julim\.m2\repository\org\apache\commons\commons-collections4\4.4\commons-collections4-4.4.jar;C:\Users\julim\.m2\repository\org\apache\commons\commons-math3\3.6.1\commons-math3-3.6.1.jar;C:\Users\julim\.m2\repository\com\zaxxer\SparseBitSet\1.2\SparseBitSet-1.2.jar;C:\Users\julim\.m2\repository\org\apache\poi\poi-ooxml-schemas\4.1.2\poi-ooxml-schemas-4.1.2.jar;C:\Users\julim\.m2\repository\org\apache\xmlbeans\xmlbeans\3.1.0\xmlbeans-3.1.0.jar;C:\Users\julim\.m2\repository\org\apache\commons\commons-compress\1.19\commons-compress-1.19.jar;C:\Users\julim\.m2\repository\com\github\virtuald\curvesapi\1.06\curvesapi-1.06.jar;C:\Users\julim\.m2\repository\com\google\apis\google-api-services-sheets\v4-rev581-1.25.0\google-api-services-sheets-v4-rev581-1.25.0.jar;C:\Users\julim\.m2\repository\com\google\api-client\google-api-client\1.25.0\google-api-client-1.25.0.jar;C:\Users\julim\.m2\repository\com\google\oauth-client\google-oauth-client\1.25.0\google-oauth-client-1.25.0.jar;C:\Users\julim\.m2\repository\com\qaprosoft\carina-utils\6.5.46\carina-utils-6.5.46.jar;C:\Users\julim\.m2\repository\com\qaprosoft\carina-crypto\6.5.46\carina-crypto-6.5.46.jar;C:\Users\julim\.m2\repository\commons-cli\commons-cli\1.2\commons-cli-1.2.jar;C:\Users\julim\.m2\repository\commons-codec\commons-codec\1.9\commons-codec-1.9.jar;C:\Users\julim\.m2\repository\org\seleniumhq\selenium\selenium-remote-driver\3.141.59\selenium-remote-driver-3.141.59.jar;C:\Users\julim\.m2\repository\com\sun\jna\jna\3.0.9\jna-3.0.9.jar;C:\Users\julim\.m2\repository\io\rest-assured\rest-assured\4.3.0\rest-assured-4.3.0.jar;C:\Users\julim\.m2\repository\org\codehaus\groovy\groovy\3.0.2\groovy-3.0.2.jar;C:\Users\julim\.m2\repository\org\codehaus\groovy\groovy-xml\3.0.2\groovy-xml-3.0.2.jar;C:\Users\julim\.m2\repository\org\apache\httpcomponents\httpmime\4.5.3\httpmime-4.5.3.jar;C:\Users\julim\.m2\repository\org\ccil\cowan\tagsoup\tagsoup\1.2.1\tagsoup-1.2.1.jar;C:\Users\julim\.m2\repository\io\rest-assured\xml-path\4.3.0\xml-path-4.3.0.jar;C:\Users\julim\.m2\repository\com\sun\xml\bind\jaxb-osgi\2.3.0.1\jaxb-osgi-2.3.0.1.jar;C:\Users\julim\.m2\repository\org\apache\sling\org.apache.sling.javax.activation\0.1.0\org.apache.sling.javax.activation-0.1.0.jar;C:\Users\julim\.m2\repository\io\rest-assured\json-path\4.3.0\json-path-4.3.0.jar;C:\Users\julim\.m2\repository\org\codehaus\groovy\groovy-json\3.0.2\groovy-json-3.0.2.jar;C:\Users\julim\.m2\repository\io\rest-assured\rest-assured-common\4.3.0\rest-assured-common-4.3.0.jar;C:\Users\julim\.m2\repository\org\apache\pdfbox\pdfbox\2.0.15\pdfbox-2.0.15.jar;C:\Users\julim\.m2\repository\org\apache\pdfbox\fontbox\2.0.15\fontbox-2.0.15.jar;C:\Users\julim\.m2\repository\com\fasterxml\jackson\core\jackson-databind\2.9.10.4\jackson-databind-2.9.10.4.jar;C:\Users\julim\.m2\repository\com\fasterxml\jackson\core\jackson-core\2.9.10\jackson-core-2.9.10.jar;C:\Users\julim\.m2\repository\com\fasterxml\jackson\core\jackson-annotations\2.9.9\jackson-annotations-2.9.9.jar;C:\Users\julim\.m2\repository\org\mongodb\mongo-java-driver\2.11.3\mongo-java-driver-2.11.3.jar;C:\Users\julim\.m2\repository\joda-time\joda-time\2.9.9\joda-time-2.9.9.jar;C:\Users\julim\.m2\repository\commons-net\commons-net\3.3\commons-net-3.3.jar;C:\Users\julim\.m2\repository\org\imgscalr\imgscalr-lib\4.2\imgscalr-lib-4.2.jar;C:\Users\julim\.m2\repository\com\google\code\gson\gson\2.8.5\gson-2.8.5.jar;C:\Users\julim\.m2\repository\com\google\guava\guava\25.0-jre\guava-25.0-jre.jar;C:\Users\julim\.m2\repository\com\google\code\findbugs\jsr305\1.3.9\jsr305-1.3.9.jar;C:\Users\julim\.m2\repository\org\checkerframework\checker-compat-qual\2.0.0\checker-compat-qual-2.0.0.jar;C:\Users\julim\.m2\repository\com\google\errorprone\error_prone_annotations\2.1.3\error_prone_annotations-2.1.3.jar;C:\Users\julim\.m2\repository\com\google\j2objc\j2objc-annotations\1.1\j2objc-annotations-1.1.jar;C:\Users\julim\.m2\repository\org\codehaus\mojo\animal-sniffer-annotations\1.14\animal-sniffer-annotations-1.14.jar;C:\Users\julim\.m2\repository\javax\xml\bind\jaxb-api\2.2.2\jaxb-api-2.2.2.jar;C:\Users\julim\.m2\repository\javax\xml\stream\stax-api\1.0-2\stax-api-1.0-2.jar;C:\Users\julim\.m2\repository\javax\activation\activation\1.1\activation-1.1.jar;C:\Users\julim\.m2\repository\com\qaprosoft\carina-api\6.5.46\carina-api-6.5.46.jar;C:\Users\julim\.m2\repository\org\apache\httpcomponents\httpclient\4.5.9\httpclient-4.5.9.jar;C:\Users\julim\.m2\repository\org\apache\httpcomponents\httpcore\4.4.11\httpcore-4.4.11.jar;C:\Users\julim\.m2\repository\commons-logging\commons-logging\1.2\commons-logging-1.2.jar;C:\Users\julim\.m2\repository\org\apache\commons\commons-configuration2\2.7\commons-configuration2-2.7.jar;C:\Users\julim\.m2\repository\org\freemarker\freemarker\2.3.14\freemarker-2.3.14.jar;C:\Users\julim\.m2\repository\io\rest-assured\json-schema-validator\4.3.0\json-schema-validator-4.3.0.jar;C:\Users\julim\.m2\repository\com\github\java-json-tools\json-schema-validator\2.2.10\json-schema-validator-2.2.10.jar;C:\Users\julim\.m2\repository\com\github\java-json-tools\json-schema-core\1.2.10\json-schema-core-1.2.10.jar;C:\Users\julim\.m2\repository\com\github\java-json-tools\jackson-coreutils\1.9\jackson-coreutils-1.9.jar;C:\Users\julim\.m2\repository\com\github\fge\msg-simple\1.1\msg-simple-1.1.jar;C:\Users\julim\.m2\repository\com\github\fge\btf\1.2\btf-1.2.jar;C:\Users\julim\.m2\repository\com\github\fge\uri-template\0.9\uri-template-0.9.jar;C:\Users\julim\.m2\repository\org\mozilla\rhino\1.7.7.1\rhino-1.7.7.1.jar;C:\Users\julim\.m2\repository\javax\mail\mailapi\1.4.3\mailapi-1.4.3.jar;C:\Users\julim\.m2\repository\com\googlecode\libphonenumber\libphonenumber\8.0.0\libphonenumber-8.0.0.jar;C:\Users\julim\.m2\repository\net\sf\jopt-simple\jopt-simple\5.0.3\jopt-simple-5.0.3.jar;C:\Users\julim\.m2\repository\org\everit\json\org.everit.json.schema\1.5.1\org.everit.json.schema-1.5.1.jar;C:\Users\julim\.m2\repository\org\json\json\20160810\json-20160810.jar;C:\Users\julim\.m2\repository\com\qaprosoft\carina-reporting\6.5.46\carina-reporting-6.5.46.jar;C:\Users\julim\.m2\repository\com\pojosontheweb\monte-repack\1.0\monte-repack-1.0.jar;C:\Users\julim\.m2\repository\javax\media\jai\com.springsource.javax.media.jai.core\1.1.3\com.springsource.javax.media.jai.core-1.1.3.jar;C:\Users\julim\.m2\repository\javax\media\jai\com.springsource.javax.media.jai.codec\1.1.3\com.springsource.javax.media.jai.codec-1.1.3.jar;C:\Users\julim\.m2\repository\javax\media\jmf\2.1.1e\jmf-2.1.1e.jar;C:\Users\julim\.m2\repository\com\qaprosoft\carina-webdriver\6.5.46\carina-webdriver-6.5.46.jar;C:\Users\julim\.m2\repository\org\seleniumhq\selenium\selenium-firefox-driver\3.141.59\selenium-firefox-driver-3.141.59.jar;C:\Users\julim\.m2\repository\org\seleniumhq\selenium\selenium-chrome-driver\3.141.59\selenium-chrome-driver-3.141.59.jar;C:\Users\julim\.m2\repository\ru\yandex\qatools\ashot\ashot\1.5.3\ashot-1.5.3.jar;C:\Users\julim\.m2\repository\com\googlecode\lambdaj\lambdaj\2.3.3\lambdaj-2.3.3.jar;C:\Users\julim\.m2\repository\cglib\cglib-nodep\2.2\cglib-nodep-2.2.jar;C:\Users\julim\.m2\repository\com\itextpdf\itextpdf\5.5.13.2\itextpdf-5.5.13.2.jar;C:\Users\julim\.m2\repository\com\qaprosoft\alice-client\1.1.0\alice-client-1.1.0.jar;C:\Users\julim\.m2\repository\com\qaprosoft\alice-models\1.1.0\alice-models-1.1.0.jar;C:\Users\julim\.m2\repository\org\springframework\spring-tx\4.3.2.RELEASE\spring-tx-4.3.2.RELEASE.jar;C:\Users\julim\.m2\repository\org\springframework\spring-jdbc\4.3.2.RELEASE\spring-jdbc-4.3.2.RELEASE.jar;C:\Users\julim\.m2\repository\org\springframework\data\spring-data-mongodb\1.9.2.RELEASE\spring-data-mongodb-1.9.2.RELEASE.jar;C:\Users\julim\.m2\repository\org\springframework\data\spring-data-commons\1.12.2.RELEASE\spring-data-commons-1.12.2.RELEASE.jar;C:\Users\julim\.m2\repository\org\springframework\data\spring-data-redis\1.7.2.RELEASE\spring-data-redis-1.7.2.RELEASE.jar;C:\Users\julim\.m2\repository\org\springframework\data\spring-data-keyvalue\1.1.2.RELEASE\spring-data-keyvalue-1.1.2.RELEASE.jar;C:\Users\julim\.m2\repository\org\springframework\spring-context-support\4.2.6.RELEASE\spring-context-support-4.2.6.RELEASE.jar;C:\Users\julim\.m2\repository\org\springframework\security\spring-security-core\4.2.3.RELEASE\spring-security-core-4.2.3.RELEASE.jar;C:\Users\julim\.m2\repository\net\sourceforge\jtds\jtds\1.3.1\jtds-1.3.1.jar;C:\Users\julim\.m2\repository\javax\servlet\jstl\1.2\jstl-1.2.jar;C:\Users\julim\.m2\repository\org\reflections\reflections\0.9.10\reflections-0.9.10.jar;C:\Users\julim\.m2\repository\org\javassist\javassist\3.19.0-GA\javassist-3.19.0-GA.jar;C:\Users\julim\.m2\repository\com\google\code\findbugs\annotations\2.0.1\annotations-2.0.1.jar;C:\Users\julim\.m2\repository\com\sun\jersey\jersey-core\1.19.4\jersey-core-1.19.4.jar;C:\Users\julim\.m2\repository\javax\ws\rs\jsr311-api\1.1.1\jsr311-api-1.1.1.jar;C:\Users\julim\.m2\repository\org\hamcrest\hamcrest-core\1.3\hamcrest-core-1.3.jar;C:\Users\julim\.m2\repository\org\hamcrest\hamcrest-all\1.3\hamcrest-all-1.3.jar;C:\Users\julim\.m2\repository\com\qaprosoft\carina-appcenter\6.5.46\carina-appcenter-6.5.46.jar;C:\Users\julim\.m2\repository\com\qaprosoft\carina-aws-s3\6.5.46\carina-aws-s3-6.5.46.jar;C:\Users\julim\.m2\repository\com\amazonaws\aws-java-sdk-core\1.11.386\aws-java-sdk-core-1.11.386.jar;C:\Users\julim\.m2\repository\software\amazon\ion\ion-java\1.0.2\ion-java-1.0.2.jar;C:\Users\julim\.m2\repository\com\fasterxml\jackson\dataformat\jackson-dataformat-cbor\2.6.7\jackson-dataformat-cbor-2.6.7.jar;C:\Users\julim\.m2\repository\com\qaprosoft\carina-proxy\6.5.46\carina-proxy-6.5.46.jar;C:\Users\julim\.m2\repository\net\lightbody\bmp\browsermob-core\2.1.5\browsermob-core-2.1.5.jar;C:\Users\julim\.m2\repository\net\lightbody\bmp\littleproxy\1.1.0-beta-bmp-17\littleproxy-1.1.0-beta-bmp-17.jar;C:\Users\julim\.m2\repository\dnsjava\dnsjava\2.1.8\dnsjava-2.1.8.jar;C:\Users\julim\.m2\repository\org\slf4j\jcl-over-slf4j\1.7.25\jcl-over-slf4j-1.7.25.jar;C:\Users\julim\.m2\repository\com\jcraft\jzlib\1.1.3\jzlib-1.1.3.jar;C:\Users\julim\.m2\repository\org\bouncycastle\bcprov-jdk15on\1.58\bcprov-jdk15on-1.58.jar;C:\Users\julim\.m2\repository\org\bouncycastle\bcpkix-jdk15on\1.58\bcpkix-jdk15on-1.58.jar;C:\Users\julim\.m2\repository\net\lightbody\bmp\mitm\2.1.5\mitm-2.1.5.jar;C:\Users\julim\.m2\repository\io\netty\netty-all\4.1.42.Final\netty-all-4.1.42.Final.jar;C:\Users\julim\.m2\repository\log4j\log4j\1.2.17\log4j-1.2.17.jar;C:\Users\julim\.m2\repository\org\apache\commons\commons-lang3\3.5\commons-lang3-3.5.jar;C:\Users\julim\.m2\repository\commons-io\commons-io\2.5\commons-io-2.5.jar;C:\Users\julim\.m2\repository\commons-collections\commons-collections\3.2.2\commons-collections-3.2.2.jar;C:\Users\julim\.m2\repository\com\qaprosoft\zafira-client\4.2.74\zafira-client-4.2.74.jar;C:\Users\julim\.m2\repository\org\apache\commons\commons-text\1.8\commons-text-1.8.jar;C:\Users\julim\.m2\repository\com\google\http-client\google-http-client-jackson2\1.31.0\google-http-client-jackson2-1.31.0.jar;C:\Users\julim\.m2\repository\com\google\http-client\google-http-client\1.31.0\google-http-client-1.31.0.jar;C:\Users\julim\.m2\repository\io\opencensus\opencensus-api\0.21.0\opencensus-api-0.21.0.jar;C:\Users\julim\.m2\repository\io\grpc\grpc-context\1.19.0\grpc-context-1.19.0.jar;C:\Users\julim\.m2\repository\io\opencensus\opencensus-contrib-http-util\0.21.0\opencensus-contrib-http-util-0.21.0.jar;C:\Users\julim\.m2\repository\com\sun\jersey\jersey-client\1.19.4\jersey-client-1.19.4.jar;C:\Users\julim\.m2\repository\com\sun\jersey\jersey-json\1.19.4\jersey-json-1.19.4.jar;C:\Users\julim\.m2\repository\org\codehaus\jettison\jettison\1.1\jettison-1.1.jar;C:\Users\julim\.m2\repository\com\sun\xml\bind\jaxb-impl\2.2.3-1\jaxb-impl-2.2.3-1.jar;C:\Users\julim\.m2\repository\org\codehaus\jackson\jackson-core-asl\1.9.2\jackson-core-asl-1.9.2.jar;C:\Users\julim\.m2\repository\org\codehaus\jackson\jackson-mapper-asl\1.9.2\jackson-mapper-asl-1.9.2.jar;C:\Users\julim\.m2\repository\org\codehaus\jackson\jackson-jaxrs\1.9.2\jackson-jaxrs-1.9.2.jar;C:\Users\julim\.m2\repository\org\codehaus\jackson\jackson-xc\1.9.2\jackson-xc-1.9.2.jar;C:\Users\julim\.m2\repository\com\sun\jersey\contribs\jersey-multipart\1.19.4\jersey-multipart-1.19.4.jar;C:\Users\julim\.m2\repository\org\jvnet\mimepull\mimepull\1.9.3\mimepull-1.9.3.jar;C:\Users\julim\.m2\repository\com\owlike\genson\0.99\genson-0.99.jar;C:\Users\julim\.m2\repository\org\slf4j\slf4j-api\1.7.26\slf4j-api-1.7.26.jar;C:\Users\julim\.m2\repository\javax\validation\validation-api\2.0.1.Final\validation-api-2.0.1.Final.jar;C:\Users\julim\.m2\repository\org\hibernate\validator\hibernate-validator\6.0.17.Final\hibernate-validator-6.0.17.Final.jar;C:\Users\julim\.m2\repository\org\jboss\logging\jboss-logging\3.3.2.Final\jboss-logging-3.3.2.Final.jar;C:\Users\julim\.m2\repository\com\fasterxml\classmate\1.3.4\classmate-1.3.4.jar;C:\Users\julim\.m2\repository\commons-beanutils\commons-beanutils\1.9.3\commons-beanutils-1.9.3.jar;C:\Users\julim\.m2\repository\org\seleniumhq\selenium\selenium-support\3.141.59\selenium-support-3.141.59.jar;C:\Users\julim\.m2\repository\net\bytebuddy\byte-buddy\1.8.15\byte-buddy-1.8.15.jar;C:\Users\julim\.m2\repository\org\apache\commons\commons-exec\1.3\commons-exec-1.3.jar;C:\Users\julim\.m2\repository\com\squareup\okhttp3\okhttp\3.11.0\okhttp-3.11.0.jar;C:\Users\julim\.m2\repository\com\squareup\okio\okio\1.14.0\okio-1.14.0.jar;C:\Users\julim\.m2\repository\org\seleniumhq\selenium\selenium-api\3.141.59\selenium-api-3.141.59.jar;C:\Users\julim\.m2\repository\com\amazonaws\aws-java-sdk-s3\1.11.386\aws-java-sdk-s3-1.11.386.jar;C:\Users\julim\.m2\repository\org\testng\testng\7.1.0\testng-7.1.0.jar;C:\Users\julim\.m2\repository\com\beust\jcommander\1.72\jcommander-1.72.jar;C:\Users\julim\.m2\repository\com\google\inject\guice\4.1.0\guice-4.1.0-no_aop.jar;C:\Users\julim\.m2\repository\javax\inject\javax.inject\1\javax.inject-1.jar;C:\Users\julim\.m2\repository\aopalliance\aopalliance\1.0\aopalliance-1.0.jar;C:\Users\julim\.m2\repository\com\nordstrom\tools\testng-foundation\2.0.1\testng-foundation-2.0.1.jar;C:\Users\julim\.m2\repository\com\nordstrom\tools\java-utils\1.9.3\java-utils-1.9.3.jar;C:\Users\julim\.m2\repository\com\nordstrom\tools\settings\2.3.3\settings-2.3.3.jar;C:\Users\julim\.m2\repository\ch\qos\logback\logback-classic\1.2.3\logback-classic-1.2.3.jar;C:\Users\julim\.m2\repository\ch\qos\logback\logback-core\1.2.3\logback-core-1.2.3.jar;C:\Users\julim\.m2\repository\io\appium\java-client\7.3.0\java-client-7.3.0.jar;C:\Users\julim\.m2\repository\org\seleniumhq\selenium\selenium-java\3.141.59\selenium-java-3.141.59.jar;C:\Users\julim\.m2\repository\org\seleniumhq\selenium\selenium-edge-driver\3.141.59\selenium-edge-driver-3.141.59.jar;C:\Users\julim\.m2\repository\org\seleniumhq\selenium\selenium-ie-driver\3.141.59\selenium-ie-driver-3.141.59.jar;C:\Users\julim\.m2\repository\org\seleniumhq\selenium\selenium-opera-driver\3.141.59\selenium-opera-driver-3.141.59.jar;C:\Users\julim\.m2\repository\org\seleniumhq\selenium\selenium-safari-driver\3.141.59\selenium-safari-driver-3.141.59.jar;C:\Users\julim\.m2\repository\cglib\cglib\3.2.12\cglib-3.2.12.jar;C:\Users\julim\.m2\repository\org\ow2\asm\asm\7.1\asm-7.1.jar;C:\Users\julim\.m2\repository\commons-validator\commons-validator\1.6\commons-validator-1.6.jar;C:\Users\julim\.m2\repository\commons-digester\commons-digester\1.8.1\commons-digester-1.8.1.jar;C:\Users\julim\.m2\repository\org\springframework\spring-context\5.1.8.RELEASE\spring-context-5.1.8.RELEASE.jar;C:\Users\julim\.m2\repository\org\aspectj\aspectjweaver\1.9.4\aspectjweaver-1.9.4.jar;C:\Users\julim\.m2\repository\com\qaprosoft\carina-cucumber\1.0.3\carina-cucumber-1.0.3.jar;C:\Users\julim\.m2\repository\io\cucumber\cucumber-testng\1.2.6\cucumber-testng-1.2.6.jar;C:\Users\julim\.m2\repository\io\cucumber\cucumber-core\1.2.6\cucumber-core-1.2.6.jar;C:\Users\julim\.m2\repository\info\cukes\cucumber-html\0.2.3\cucumber-html-0.2.3.jar;C:\Users\julim\.m2\repository\info\cukes\cucumber-jvm-deps\1.0.5\cucumber-jvm-deps-1.0.5.jar;C:\Users\julim\.m2\repository\info\cukes\gherkin\2.12.2\gherkin-2.12.2.jar;C:\Users\julim\.m2\repository\io\cucumber\cucumber-java\1.2.6\cucumber-java-1.2.6.jar;C:\Users\julim\.m2\repository\net\masterthought\cucumber-reporting\2.6.3\cucumber-reporting-2.6.3.jar;C:\Users\julim\.m2\repository\org\apache\velocity\velocity\1.7\velocity-1.7.jar;C:\Users\julim\.m2\repository\commons-lang\commons-lang\2.4\commons-lang-2.4.jar;C:\Users\julim\.m2\repository\velocity-tools\velocity-tools\1.4\velocity-tools-1.4.jar;C:\Users\julim\.m2\repository\net\lingala\zip4j\zip4j\1.3.2\zip4j-1.3.2.jar;C:\Users\julim\.m2\repository\org\codehaus\plexus\plexus-utils\3.0.24\plexus-utils-3.0.24.jar;C:\Users\julim\.m2\repository\org\jsoup\jsoup\1.9.2\jsoup-1.9.2.jar;C:\Users\julim\.m2\repository\org\apache\logging\log4j\log4j-core\2.13.3\log4j-core-2.13.3.jar;C:\Users\julim\.m2\repository\org\apache\logging\log4j\log4j-api\2.13.3\log4j-api-2.13.3.jar;C:\Users\julim\.m2\repository\org\mybatis\mybatis\3.5.2\mybatis-3.5.2.jar;C:\Users\julim\.m2\repository\org\postgresql\postgresql\42.2.6\postgresql-42.2.6.jar;C:\Users\julim\.m2\repository\org\springframework\boot\spring-boot-starter\2.2.2.RELEASE\spring-boot-starter-2.2.2.RELEASE.jar;C:\Users\julim\.m2\repository\org\springframework\boot\spring-boot\2.2.2.RELEASE\spring-boot-2.2.2.RELEASE.jar;C:\Users\julim\.m2\repository\org\springframework\boot\spring-boot-autoconfigure\2.2.2.RELEASE\spring-boot-autoconfigure-2.2.2.RELEASE.jar;C:\Users\julim\.m2\repository\jakarta\annotation\jakarta.annotation-api\1.3.5\jakarta.annotation-api-1.3.5.jar;C:\Users\julim\.m2\repository\org\springframework\spring-core\5.2.2.RELEASE\spring-core-5.2.2.RELEASE.jar;C:\Users\julim\.m2\repository\org\springframework\spring-jcl\5.2.2.RELEASE\spring-jcl-5.2.2.RELEASE.jar;C:\Users\julim\.m2\repository\org\yaml\snakeyaml\1.25\snakeyaml-1.25.jar;C:\Users\julim\.m2\repository\org\springframework\ws\spring-ws-core\3.0.8.RELEASE\spring-ws-core-3.0.8.RELEASE.jar;C:\Users\julim\.m2\repository\org\springframework\ws\spring-xml\3.0.8.RELEASE\spring-xml-3.0.8.RELEASE.jar;C:\Users\julim\.m2\repository\org\springframework\spring-aop\5.0.10.RELEASE\spring-aop-5.0.10.RELEASE.jar;C:\Users\julim\.m2\repository\org\springframework\spring-beans\5.0.10.RELEASE\spring-beans-5.0.10.RELEASE.jar;C:\Users\julim\.m2\repository\org\springframework\spring-oxm\5.0.10.RELEASE\spring-oxm-5.0.10.RELEASE.jar;C:\Users\julim\.m2\repository\org\springframework\spring-web\5.0.10.RELEASE\spring-web-5.0.10.RELEASE.jar;C:\Users\julim\.m2\repository\org\springframework\spring-webmvc\5.0.10.RELEASE\spring-webmvc-5.0.10.RELEASE.jar;C:\Users\julim\.m2\repository\org\springframework\spring-expression\5.0.10.RELEASE\spring-expression-5.0.10.RELEASE.jar;C:\Users\julim\.m2\repository\org\springframework\boot\spring-boot-starter-test\2.2.2.RELEASE\spring-boot-starter-test-2.2.2.RELEASE.jar;C:\Users\julim\.m2\repository\org\springframework\boot\spring-boot-test\2.2.2.RELEASE\spring-boot-test-2.2.2.RELEASE.jar;C:\Users\julim\.m2\repository\org\springframework\boot\spring-boot-test-autoconfigure\2.2.2.RELEASE\spring-boot-test-autoconfigure-2.2.2.RELEASE.jar;C:\Users\julim\.m2\repository\com\jayway\jsonpath\json-path\2.4.0\json-path-2.4.0.jar;C:\Users\julim\.m2\repository\net\minidev\json-smart\2.3\json-smart-2.3.jar;C:\Users\julim\.m2\repository\net\minidev\accessors-smart\1.2\accessors-smart-1.2.jar;C:\Users\julim\.m2\repository\jakarta\xml\bind\jakarta.xml.bind-api\2.3.2\jakarta.xml.bind-api-2.3.2.jar;C:\Users\julim\.m2\repository\jakarta\activation\jakarta.activation-api\1.2.1\jakarta.activation-api-1.2.1.jar;C:\Users\julim\.m2\repository\org\junit\jupiter\junit-jupiter\5.5.2\junit-jupiter-5.5.2.jar;C:\Users\julim\.m2\repository\org\junit\jupiter\junit-jupiter-api\5.5.2\junit-jupiter-api-5.5.2.jar;C:\Users\julim\.m2\repository\org\opentest4j\opentest4j\1.2.0\opentest4j-1.2.0.jar;C:\Users\julim\.m2\repository\org\junit\platform\junit-platform-commons\1.5.2\junit-platform-commons-1.5.2.jar;C:\Users\julim\.m2\repository\org\junit\jupiter\junit-jupiter-params\5.5.2\junit-jupiter-params-5.5.2.jar;C:\Users\julim\.m2\repository\org\junit\jupiter\junit-jupiter-engine\5.5.2\junit-jupiter-engine-5.5.2.jar;C:\Users\julim\.m2\repository\org\junit\vintage\junit-vintage-engine\5.5.2\junit-vintage-engine-5.5.2.jar;C:\Users\julim\.m2\repository\org\apiguardian\apiguardian-api\1.1.0\apiguardian-api-1.1.0.jar;C:\Users\julim\.m2\repository\org\junit\platform\junit-platform-engine\1.5.2\junit-platform-engine-1.5.2.jar;C:\Users\julim\.m2\repository\junit\junit\4.12\junit-4.12.jar;C:\Users\julim\.m2\repository\org\mockito\mockito-junit-jupiter\3.1.0\mockito-junit-jupiter-3.1.0.jar;C:\Users\julim\.m2\repository\org\assertj\assertj-core\3.13.2\assertj-core-3.13.2.jar;C:\Users\julim\.m2\repository\org\hamcrest\hamcrest\2.1\hamcrest-2.1.jar;C:\Users\julim\.m2\repository\org\mockito\mockito-core\3.1.0\mockito-core-3.1.0.jar;C:\Users\julim\.m2\repository\net\bytebuddy\byte-buddy-agent\1.9.10\byte-buddy-agent-1.9.10.jar;C:\Users\julim\.m2\repository\org\objenesis\objenesis\2.6\objenesis-2.6.jar;C:\Users\julim\.m2\repository\org\skyscreamer\jsonassert\1.5.0\jsonassert-1.5.0.jar;C:\Users\julim\.m2\repository\org\springframework\spring-test\5.2.2.RELEASE\spring-test-5.2.2.RELEASE.jar;C:\Users\julim\.m2\repository\org\xmlunit\xmlunit-core\2.6.3\xmlunit-core-2.6.3.jar;"/>
    <property name="sun.cpu.endian" value="little"/>
    <property name="user.home" value="C:\Users\julim"/>
    <property name="user.language" value="en"/>
    <property name="java.specification.vendor" value="Oracle Corporation"/>
    <property name="java.version.date" value="2020-07-14"/>
    <property name="java.home" value="C:\Program Files\AdoptOpenJDK\jdk-11.0.8.10-hotspot"/>
    <property name="file.separator" value="\"/>
    <property name="basedir" value="C:\Users\julim\Documents\carina-demo"/>
    <property name="java.vm.compressedOopsMode" value="Zero based"/>
    <property name="line.separator" value="&#10;"/>
    <property name="java.specification.name" value="Java Platform API Specification"/>
    <property name="java.vm.specification.vendor" value="Oracle Corporation"/>
    <property name="java.awt.graphicsenv" value="sun.awt.Win32GraphicsEnvironment"/>
    <property name="user.script" value=""/>
    <property name="sun.management.compiler" value="HotSpot 64-Bit Tiered Compilers"/>
    <property name="java.runtime.version" value="11.0.8+10"/>
    <property name="user.name" value="julim"/>
    <property name="path.separator" value=";"/>
    <property name="os.version" value="10.0"/>
    <property name="java.runtime.name" value="OpenJDK Runtime Environment"/>
    <property name="file.encoding" value="Cp1252"/>
    <property name="java.vm.name" value="OpenJDK 64-Bit Server VM"/>
    <property name="java.vendor.version" value="AdoptOpenJDK"/>
    <property name="localRepository" value="C:\Users\julim\.m2\repository"/>
    <property name="java.vendor.url.bug" value="https://github.com/AdoptOpenJDK/openjdk-support/issues"/>
    <property name="java.io.tmpdir" value="C:\Users\julim\AppData\Local\Temp\"/>
    <property name="java.version" value="11.0.8"/>
    <property name="user.dir" value="C:\Users\julim\Documents\carina-demo"/>
    <property name="os.arch" value="amd64"/>
    <property name="java.vm.specification.name" value="Java Virtual Machine Specification"/>
    <property name="java.awt.printerjob" value="sun.awt.windows.WPrinterJob"/>
    <property name="sun.os.patch.level" value=""/>
    <property name="java.library.path" value="C:\Program Files\AdoptOpenJDK\jdk-11.0.8.10-hotspot\bin;C:\WINDOWS\Sun\Java\bin;C:\WINDOWS\system32;C:\WINDOWS;C:\Program Files\AdoptOpenJDK\jdk-11.0.8.10-hotspot\bin;C:\WINDOWS\system32;C:\WINDOWS;C:\WINDOWS\System32\Wbem;C:\WINDOWS\System32\WindowsPowerShell\v1.0\;C:\WINDOWS\System32\OpenSSH\;C:\Program Files\nodejs;C:\Program Files\Git\cmd;C:\Program Files\Git\mingw64\bin;C:\Program Files\Git\usr\bin;C:\Program Files (x86)\Yarn\bin\;C:\Program Files (x86)\apache-maven-3.6.3\bin;;C:\Program Files\Docker\Docker\resources\bin;C:\ProgramData\DockerDesktop\version-bin;C:\Go\bin;C:\Program Files\MySQL\MySQL Shell 8.0\bin\;C:\Users\julim\AppData\Local\Microsoft\WindowsApps;C:\Users\julim\AppData\Local\GitHubDesktop\bin;C:\Users\julim\go\bin;."/>
    <property name="suite" value="api"/>
    <property name="java.vm.info" value="mixed mode"/>
    <property name="java.vendor" value="AdoptOpenJDK"/>
    <property name="java.vm.version" value="11.0.8+10"/>
    <property name="sun.io.unicode.encoding" value="UnicodeLittle"/>
    <property name="java.class.version" value="55.0"/>
  </properties>
  <testcase name="testDeleteUsers" classname="com.qaprosoft.carina.demo.APISampleTest" time="4.867"/>
  <testcase name="testCreateUserMissingSomeFields" classname="com.qaprosoft.carina.demo.APISampleTest" time="4.873"/>
  <testcase name="testCreateUser" classname="com.qaprosoft.carina.demo.APISampleTest" time="1.058"/>
  <testcase name="testGetUsers" classname="com.qaprosoft.carina.demo.APISampleTest" time="1.463"/>
</testsuite>