<?xml version="1.0" encoding="UTF-8"?>
<!-- Generated by org.testng.reporters.JUnitReportReporter -->
<testsuite hostname="LAPTOP-Q7ODI2IC" failures="0" tests="1" name="com.webTesting.SearchTest" time="19.867" errors="0" timestamp="2020-12-19T12:24:57 ART" skipped="0">
  <testcase classname="com.webTesting.SearchTest" name="testPostComment" time="19.867"/>
  <system-out/>
</testsuite> <!-- com.webTesting.SearchTest -->
