<?xml version="1.0" encoding="UTF-8"?>
<!-- Generated by org.testng.reporters.JUnitReportReporter -->
<testsuite hostname="LAPTOP-Q7ODI2IC" failures="0" tests="1" name="com.webTesting.SearchTestCase" time="20.943" errors="0" timestamp="2020-12-18T13:29:49 ART" skipped="0">
  <testcase classname="com.webTesting.SearchTestCase" name="checkSearchProduct" time="20.943"/>
  <system-out/>
</testsuite> <!-- com.webTesting.SearchTestCase -->
