<?xml version="1.0" encoding="UTF-8"?>
<!-- Generated by org.testng.reporters.JUnitReportReporter -->
<testsuite hostname="LAPTOP-Q7ODI2IC" failures="0" tests="4" name="com.qaprosoft.carina.demo.APISampleTest" time="16.308" errors="0" timestamp="2020-12-13T16:51:37 ART" skipped="0">
  <testcase classname="com.qaprosoft.carina.demo.APISampleTest" name="testCreateUser" time="5.467"/>
  <system-out/>
  <testcase classname="com.qaprosoft.carina.demo.APISampleTest" name="testCreateUserMissingSomeFields" time="4.564"/>
  <system-out/>
  <testcase classname="com.qaprosoft.carina.demo.APISampleTest" name="testGetUsers" time="1.719"/>
  <system-out/>
  <testcase classname="com.qaprosoft.carina.demo.APISampleTest" name="testDeleteUsers" time="4.558"/>
  <system-out/>
</testsuite> <!-- com.qaprosoft.carina.demo.APISampleTest -->
